[INFO] Server starting up...
[INFO] Loaded configuration file: /etc/server/config.xml
[INFO] Connection pool initialized with 50 connections
[INFO] Server started successfully on port 8080
[INFO] Health check passed
[INFO] User 'admin' logged in
[INFO] Dashboard loaded for user 'admin'
[WARN] Response time high: 1200ms on /api/v1/users
[INFO] User 'guest_01' connected
[INFO] User 'guest_02' connected
[ERROR] Database connection failed: Timeout detected
[INFO] Retry connection attempt 1...
[INFO] Retry connection attempt 2...
[INFO] Database connection re-established
[INFO] Running scheduled backup
[WARN] Disk space usage at 80%
[INFO] Backup completed successfully
[INFO] User 'superuser' logged in
[ERROR] NullPointerException at AuthService.java:45
[ERROR] Authentication failed for user 'unknown'
[INFO] Cache cleared manually by admin
[WARN] Deprecated API endpoint used: /api/v1/old_login
[INFO] User 'guest_01' logged out
[INFO] User 'guest_03' connected
[INFO] File upload started: report.pdf
[INFO] File upload completed: report.pdf (2MB)
[ERROR] PaymentGateway invalid response: 500 Internal Error
[INFO] Transaction rolled back ID: TXN-9988
[INFO] User 'guest_02' viewing catalog
[WARN] High memory usage detected: 88%
[INFO] Garbage collection triggered
[INFO] Memory usage stabilized at 45%
[INFO] User 'admin' changed settings
[INFO] New account created: user_test
[INFO] Email sent to user_test
[ERROR] SMTP Server not responding
[ERROR] Failed to send welcome email
[INFO] User 'guest_03' added item to cart
[INFO] User 'guest_03' checkout started
[INFO] Payment processed successfully
[INFO] Order #4455 created
[WARN] Slow query detected: SELECT * FROM orders (3000ms)
[INFO] User 'guest_02' logged out
[INFO] User 'dev_team' logged in
[INFO] Deployment script started
[INFO] Stopping service: UserTracker
[INFO] Updating jar files...
[ERROR] File permission denied: /var/www/libs/core.jar
[ERROR] Deployment aborted
[INFO] Restarting service: UserTracker
[INFO] Service UserTracker is live
[WARN] CPU usage spike: 95%
[INFO] User 'dev_team' logged out
[INFO] User 'manager' logged in
[INFO] Generating monthly report...
[INFO] Report generation: 25%
[INFO] Report generation: 50%
[INFO] Report generation: 75%
[INFO] Report generation: 100%
[INFO] Report saved to /reports/october.pdf
[WARN] Low entropy in random number generator
[INFO] Session timeout for user 'superuser'
[INFO] Scheduled maintenance check
[INFO] No updates found
[ERROR] API token expired for client_id=554
[INFO] Client 554 requested new token
[INFO] New token issued
[INFO] User 'customer_support' logged in
[INFO] Ticket #102 opened
[INFO] Ticket #102 resolved
[WARN] Unclosed socket connection detected
[INFO] Cleaning up idle connections
[INFO] Idle connections closed: 4
[INFO] User 'customer_support' logged out
[ERROR] StackOverflowError in RecursiveModule.java
[INFO] Application restarting...
[INFO] Application restarted
[INFO] Health check passed
[INFO] User 'monitor' checking status
[INFO] Status: GREEN
[WARN] Rate limit exceeded for IP 192.168.1.50
[INFO] IP 192.168.1.50 blocked for 15 minutes
[INFO] Background job 'ImageResizer' started
[ERROR] Image format not supported: .tiff
[INFO] Skipping file image_01.tiff
[INFO] Background job 'ImageResizer' finished
[INFO] User 'audit' running compliance scan
[WARN] Weak password policy detected on 3 accounts
[INFO] Compliance scan report sent to admin
[INFO] User 'audit' logged out
[ERROR] Connection refused to analytics server
[INFO] Queuing analytics data locally
[INFO] User 'night_shift' logged in
[INFO] Reviewing daily logs
[WARN] Disk space critical: 5% remaining
[ERROR] IOException: No space left on device
[INFO] Cleanup script triggered automatically
[INFO] 2GB of temp files removed
[INFO] System stable.
