2023-10-01 10:00:00 [INFO] Server starting up...
2023-10-01 10:00:01 [INFO] Loaded configuration file: /etc/server/config.xml
2023-10-01 10:00:02 [INFO] Connection pool initialized with 50 connections
2023-10-01 10:00:03 [INFO] Server started successfully on port 8080
2023-10-01 10:00:05 [INFO] Health check passed
2023-10-01 10:01:12 [INFO] User 'admin' logged in
2023-10-01 10:01:15 [INFO] Dashboard loaded for user 'admin'
2023-10-01 10:02:00 [WARN] Response time high: 1200ms on /api/v1/users
2023-10-01 10:02:05 [INFO] User 'guest_01' connected
2023-10-01 10:03:10 [INFO] User 'guest_02' connected
2023-10-01 10:03:45 [ERROR] Database connection failed: Timeout detected
2023-10-01 10:03:46 [INFO] Retry connection attempt 1...
2023-10-01 10:03:47 [INFO] Retry connection attempt 2...
2023-10-01 10:03:48 [INFO] Database connection re-established
2023-10-01 10:04:00 [INFO] Running scheduled backup
2023-10-01 10:04:20 [WARN] Disk space usage at 80%
2023-10-01 10:04:50 [INFO] Backup completed successfully
2023-10-01 10:05:00 [INFO] User 'superuser' logged in
2023-10-01 10:05:15 [ERROR] NullPointerException at AuthService.java:45
2023-10-01 10:05:16 [ERROR] Authentication failed for user 'unknown'
2023-10-01 10:06:00 [INFO] Cache cleared manually by admin
2023-10-01 10:06:30 [WARN] Deprecated API endpoint used: /api/v1/old_login
2023-10-01 10:07:00 [INFO] User 'guest_01' logged out
2023-10-01 10:07:10 [INFO] User 'guest_03' connected
2023-10-01 10:08:22 [INFO] File upload started: report.pdf
2023-10-01 10:08:25 [INFO] File upload completed: report.pdf (2MB)
2023-10-01 10:09:00 [ERROR] PaymentGateway invalid response: 500 Internal Error
2023-10-01 10:09:01 [INFO] Transaction rolled back ID: TXN-9988
2023-10-01 10:10:00 [INFO] User 'guest_02' viewing catalog
2023-10-01 10:11:00 [WARN] High memory usage detected: 88%
2023-10-01 10:11:30 [INFO] Garbage collection triggered
2023-10-01 10:12:00 [INFO] Memory usage stabilized at 45%
2023-10-01 10:13:15 [INFO] User 'admin' changed settings
2023-10-01 10:14:00 [INFO] New account created: user_test
2023-10-01 10:14:20 [INFO] Email sent to user_test
2023-10-01 10:15:00 [ERROR] SMTP Server not responding
2023-10-01 10:15:05 [ERROR] Failed to send welcome email
2023-10-01 10:16:10 [INFO] User 'guest_03' added item to cart
2023-10-01 10:17:00 [INFO] User 'guest_03' checkout started
2023-10-01 10:17:45 [INFO] Payment processed successfully
2023-10-01 10:18:00 [INFO] Order #4455 created
2023-10-01 10:19:00 [WARN] Slow query detected: SELECT * FROM orders (3000ms)
2023-10-01 10:20:00 [INFO] User 'guest_02' logged out
2023-10-01 10:20:30 [INFO] User 'dev_team' logged in
2023-10-01 10:21:00 [INFO] Deployment script started
2023-10-01 10:21:10 [INFO] Stopping service: UserTracker
2023-10-01 10:21:15 [INFO] Updating jar files...
2023-10-01 10:21:20 [ERROR] File permission denied: /var/www/libs/core.jar
2023-10-01 10:21:22 [ERROR] Deployment aborted
2023-10-01 10:21:25 [INFO] Restarting service: UserTracker
2023-10-01 10:22:00 [INFO] Service UserTracker is live
2023-10-01 10:23:45 [WARN] CPU usage spike: 95%
2023-10-01 10:24:00 [INFO] User 'dev_team' logged out
2023-10-01 10:25:10 [INFO] User 'manager' logged in
2023-10-01 10:26:00 [INFO] Generating monthly report...
2023-10-01 10:26:15 [INFO] Report generation: 25%
2023-10-01 10:26:30 [INFO] Report generation: 50%
2023-10-01 10:26:45 [INFO] Report generation: 75%
2023-10-01 10:27:00 [INFO] Report generation: 100%
2023-10-01 10:27:05 [INFO] Report saved to /reports/october.pdf
2023-10-01 10:28:00 [WARN] Low entropy in random number generator
2023-10-01 10:29:00 [INFO] Session timeout for user 'superuser'
2023-10-01 10:30:00 [INFO] Scheduled maintenance check
2023-10-01 10:31:00 [INFO] No updates found
2023-10-01 10:32:15 [ERROR] API token expired for client_id=554
2023-10-01 10:32:16 [INFO] Client 554 requested new token
2023-10-01 10:32:17 [INFO] New token issued
2023-10-01 10:33:00 [INFO] User 'customer_support' logged in
2023-10-01 10:34:00 [INFO] Ticket #102 opened
2023-10-01 10:35:00 [INFO] Ticket #102 resolved
2023-10-01 10:36:00 [WARN] Unclosed socket connection detected
2023-10-01 10:37:00 [INFO] Cleaning up idle connections
2023-10-01 10:38:00 [INFO] Idle connections closed: 4
2023-10-01 10:39:00 [INFO] User 'customer_support' logged out
2023-10-01 10:40:00 [ERROR] StackOverflowError in RecursiveModule.java
2023-10-01 10:40:01 [INFO] Application restarting...
2023-10-01 10:40:05 [INFO] Application restarted
2023-10-01 10:41:00 [INFO] Health check passed
2023-10-01 10:42:00 [INFO] User 'monitor' checking status
2023-10-01 10:43:00 [INFO] Status: GREEN
2023-10-01 10:44:00 [WARN] Rate limit exceeded for IP 192.168.1.50
2023-10-01 10:45:00 [INFO] IP 192.168.1.50 blocked for 15 minutes
2023-10-01 10:46:00 [INFO] Background job 'ImageResizer' started
2023-10-01 10:46:05 [ERROR] Image format not supported: .tiff
2023-10-01 10:46:06 [INFO] Skipping file image_01.tiff
2023-10-01 10:47:00 [INFO] Background job 'ImageResizer' finished
2023-10-01 10:48:00 [INFO] User 'audit' running compliance scan
2023-10-01 10:49:00 [WARN] Weak password policy detected on 3 accounts
2023-10-01 10:50:00 [INFO] Compliance scan report sent to admin
2023-10-01 10:51:00 [INFO] User 'audit' logged out
2023-10-01 10:52:00 [ERROR] Connection refused to analytics server
2023-10-01 10:53:00 [INFO] Queuing analytics data locally
2023-10-01 10:54:00 [INFO] User 'night_shift' logged in
2023-10-01 10:55:00 [INFO] Reviewing daily logs
2023-10-01 10:56:00 [WARN] Disk space critical: 5% remaining
2023-10-01 10:57:00 [ERROR] IOException: No space left on device
2023-10-01 10:58:00 [INFO] Cleanup script triggered automatically
2023-10-01 10:59:00 [INFO] 2GB of temp files removed
2023-10-01 11:00:00 [INFO] System stable.
